2024-05-04 12:40:55,336 - __main__ - INFO - Apps are running:
2024-05-04 12:40:55,374 - __main__ - INFO - Connect to process: 6540
2024-05-04 12:40:55,377 - __main__ - INFO - Connect to process: 6916
2024-05-04 12:40:55,380 - __main__ - INFO - Connect to Roblox success!
2024-05-04 12:41:03,159 - __main__ - INFO - Exit program! Error
2024-05-04 12:41:14,107 - __main__ - INFO - Apps are running:
2024-05-04 12:41:14,150 - __main__ - INFO - Connect to process: 6540
2024-05-04 12:41:14,152 - __main__ - INFO - Connect to process: 6916
2024-05-04 12:41:14,153 - __main__ - INFO - Connect to Roblox success!
2024-05-04 12:41:18,821 - __main__ - INFO - Spam is running...
2024-05-04 12:41:24,366 - __main__ - INFO - Spam is stopped!
2024-05-04 12:41:28,292 - __main__ - INFO - Reload app Roblox!
2024-05-04 12:41:28,292 - __main__ - INFO - Apps are running:
2024-05-04 12:41:28,322 - __main__ - INFO - Connect to process: 6540
2024-05-04 12:41:28,323 - __main__ - INFO - Connect to process: 6916
2024-05-04 12:41:28,324 - __main__ - INFO - Connect to Roblox success!
2024-05-04 12:41:29,381 - __main__ - INFO - Reload app Roblox!
2024-05-04 12:41:29,381 - __main__ - INFO - Apps are running:
2024-05-04 12:41:29,408 - __main__ - INFO - Connect to process: 6540
2024-05-04 12:41:29,410 - __main__ - INFO - Connect to process: 6916
2024-05-04 12:41:29,411 - __main__ - INFO - Connect to Roblox success!
2024-05-04 12:41:29,657 - __main__ - INFO - Reload app Roblox!
2024-05-04 12:41:29,657 - __main__ - INFO - Apps are running:
2024-05-04 12:41:29,690 - __main__ - INFO - Connect to process: 6540
2024-05-04 12:41:29,691 - __main__ - INFO - Connect to process: 6916
2024-05-04 12:41:29,693 - __main__ - INFO - Connect to Roblox success!
2024-05-04 12:41:29,853 - __main__ - INFO - Reload app Roblox!
2024-05-04 12:41:29,853 - __main__ - INFO - Apps are running:
2024-05-04 12:41:29,884 - __main__ - INFO - Connect to process: 6540
2024-05-04 12:41:29,885 - __main__ - INFO - Connect to process: 6916
2024-05-04 12:41:29,885 - __main__ - INFO - Connect to Roblox success!
2024-05-04 12:41:30,060 - __main__ - INFO - Reload app Roblox!
2024-05-04 12:41:30,061 - __main__ - INFO - Apps are running:
2024-05-04 12:41:30,095 - __main__ - INFO - Connect to process: 6540
2024-05-04 12:41:30,096 - __main__ - INFO - Connect to process: 6916
2024-05-04 12:41:30,097 - __main__ - INFO - Connect to Roblox success!
2024-05-04 12:41:30,254 - __main__ - INFO - Reload app Roblox!
2024-05-04 12:41:30,254 - __main__ - INFO - Apps are running:
2024-05-04 12:41:30,284 - __main__ - INFO - Connect to process: 6540
2024-05-04 12:41:30,285 - __main__ - INFO - Connect to process: 6916
2024-05-04 12:41:30,288 - __main__ - INFO - Connect to Roblox success!
2024-05-04 12:41:30,451 - __main__ - INFO - Reload app Roblox!
2024-05-04 12:41:30,451 - __main__ - INFO - Apps are running:
2024-05-04 12:41:30,479 - __main__ - INFO - Connect to process: 6540
2024-05-04 12:41:30,480 - __main__ - INFO - Connect to process: 6916
2024-05-04 12:41:30,481 - __main__ - INFO - Connect to Roblox success!
2024-05-04 12:41:30,886 - __main__ - INFO - Reload app Roblox!
2024-05-04 12:41:30,886 - __main__ - INFO - Apps are running:
2024-05-04 12:41:30,915 - __main__ - INFO - Connect to process: 6540
2024-05-04 12:41:30,916 - __main__ - INFO - Connect to process: 6916
2024-05-04 12:41:30,917 - __main__ - INFO - Connect to Roblox success!
2024-05-04 12:41:31,069 - __main__ - INFO - Reload app Roblox!
2024-05-04 12:41:31,069 - __main__ - INFO - Apps are running:
2024-05-04 12:41:31,098 - __main__ - INFO - Connect to process: 6540
2024-05-04 12:41:31,099 - __main__ - INFO - Connect to process: 6916
2024-05-04 12:41:31,100 - __main__ - INFO - Connect to Roblox success!
